INFO: [VRFC 10-2263] Analyzing Verilog file "/home/granthaack/projects/gcpu/gcpu/gcpu.srcs/sources_1/new/alu.v" into library xil_defaultlib
INFO: [VRFC 10-311] analyzing module alu
INFO: [VRFC 10-2263] Analyzing Verilog file "/home/granthaack/projects/gcpu/gcpu/gcpu.srcs/sources_1/new/cla_adder.v" into library xil_defaultlib
INFO: [VRFC 10-311] analyzing module cla_adder
INFO: [VRFC 10-2263] Analyzing Verilog file "/home/granthaack/projects/gcpu/gcpu/gcpu.srcs/sources_1/new/cla_gen.v" into library xil_defaultlib
INFO: [VRFC 10-311] analyzing module cla_gen
INFO: [VRFC 10-2263] Analyzing Verilog file "/home/granthaack/projects/gcpu/gcpu/gcpu.srcs/sources_1/new/cla_sub.v" into library xil_defaultlib
INFO: [VRFC 10-311] analyzing module cla_sub
INFO: [VRFC 10-2263] Analyzing Verilog file "/home/granthaack/projects/gcpu/gcpu/gcpu.srcs/sources_1/new/com_and.v" into library xil_defaultlib
INFO: [VRFC 10-311] analyzing module com_and
INFO: [VRFC 10-2263] Analyzing Verilog file "/home/granthaack/projects/gcpu/gcpu/gcpu.srcs/sources_1/new/com_not.v" into library xil_defaultlib
INFO: [VRFC 10-311] analyzing module com_not
INFO: [VRFC 10-2263] Analyzing Verilog file "/home/granthaack/projects/gcpu/gcpu/gcpu.srcs/sources_1/new/com_or.v" into library xil_defaultlib
INFO: [VRFC 10-311] analyzing module com_or
INFO: [VRFC 10-2263] Analyzing Verilog file "/home/granthaack/projects/gcpu/gcpu/gcpu.srcs/sources_1/new/com_xor.v" into library xil_defaultlib
INFO: [VRFC 10-311] analyzing module com_xor
INFO: [VRFC 10-2263] Analyzing Verilog file "/home/granthaack/projects/gcpu/gcpu/gcpu.srcs/sources_1/new/half_adder.v" into library xil_defaultlib
INFO: [VRFC 10-311] analyzing module half_adder
INFO: [VRFC 10-2263] Analyzing Verilog file "/home/granthaack/projects/gcpu/gcpu/gcpu.srcs/sources_1/new/mux8.v" into library xil_defaultlib
INFO: [VRFC 10-311] analyzing module mux8
INFO: [VRFC 10-2263] Analyzing Verilog file "/home/granthaack/projects/gcpu/gcpu/gcpu.srcs/sim_1/new/alu_tb.v" into library xil_defaultlib
INFO: [VRFC 10-311] analyzing module alu_tb
