Vivado Simulator 2018.2
Time resolution is 1 ps
SUCCESS:    0 -    0 =    0
SUCCESS:    0 -    1 = 2047
SUCCESS:    0 -    2 = 2046
SUCCESS:    0 -    3 = 2045
SUCCESS:    0 -    4 = 2044
SUCCESS:    0 -    5 = 2043
SUCCESS:    0 -    6 = 2042
SUCCESS:    0 -    7 = 2041
SUCCESS:    0 -    8 = 2040
SUCCESS:    0 -    9 = 2039
SUCCESS:    0 -   10 = 2038
SUCCESS:    0 -   11 = 2037
SUCCESS:    0 -   12 = 2036
SUCCESS:    0 -   13 = 2035
SUCCESS:    0 -   14 = 2034
SUCCESS:    0 -   15 = 2033
SUCCESS:    0 -   16 = 2032
SUCCESS:    0 -   17 = 2031
SUCCESS:    0 -   18 = 2030
SUCCESS:    0 -   19 = 2029
SUCCESS:    0 -   20 = 2028
SUCCESS:    0 -   21 = 2027
SUCCESS:    0 -   22 = 2026
SUCCESS:    0 -   23 = 2025
SUCCESS:    0 -   24 = 2024
SUCCESS:    0 -   25 = 2023
SUCCESS:    0 -   26 = 2022
SUCCESS:    0 -   27 = 2021
SUCCESS:    0 -   28 = 2020
SUCCESS:    0 -   29 = 2019
SUCCESS:    0 -   30 = 2018
SUCCESS:    0 -   31 = 2017
SUCCESS:    0 -   32 = 2016
SUCCESS:    0 -   33 = 2015
SUCCESS:    0 -   34 = 2014
SUCCESS:    0 -   35 = 2013
SUCCESS:    0 -   36 = 2012
SUCCESS:    0 -   37 = 2011
SUCCESS:    0 -   38 = 2010
SUCCESS:    0 -   39 = 2009
SUCCESS:    0 -   40 = 2008
SUCCESS:    0 -   41 = 2007
SUCCESS:    0 -   42 = 2006
SUCCESS:    0 -   43 = 2005
SUCCESS:    0 -   44 = 2004
SUCCESS:    0 -   45 = 2003
SUCCESS:    0 -   46 = 2002
SUCCESS:    0 -   47 = 2001
SUCCESS:    0 -   48 = 2000
SUCCESS:    0 -   49 = 1999
SUCCESS:    0 -   50 = 1998
SUCCESS:    0 -   51 = 1997
SUCCESS:    0 -   52 = 1996
SUCCESS:    0 -   53 = 1995
SUCCESS:    0 -   54 = 1994
SUCCESS:    0 -   55 = 1993
SUCCESS:    0 -   56 = 1992
SUCCESS:    0 -   57 = 1991
SUCCESS:    0 -   58 = 1990
SUCCESS:    0 -   59 = 1989
SUCCESS:    0 -   60 = 1988
SUCCESS:    0 -   61 = 1987
SUCCESS:    0 -   62 = 1986
SUCCESS:    0 -   63 = 1985
SUCCESS:    0 -   64 = 1984
SUCCESS:    0 -   65 = 1983
SUCCESS:    0 -   66 = 1982
SUCCESS:    0 -   67 = 1981
SUCCESS:    0 -   68 = 1980
SUCCESS:    0 -   69 = 1979
SUCCESS:    0 -   70 = 1978
SUCCESS:    0 -   71 = 1977
SUCCESS:    0 -   72 = 1976
SUCCESS:    0 -   73 = 1975
SUCCESS:    0 -   74 = 1974
SUCCESS:    0 -   75 = 1973
SUCCESS:    0 -   76 = 1972
SUCCESS:    0 -   77 = 1971
SUCCESS:    0 -   78 = 1970
SUCCESS:    0 -   79 = 1969
SUCCESS:    0 -   80 = 1968
SUCCESS:    0 -   81 = 1967
SUCCESS:    0 -   82 = 1966
SUCCESS:    0 -   83 = 1965
SUCCESS:    0 -   84 = 1964
SUCCESS:    0 -   85 = 1963
SUCCESS:    0 -   86 = 1962
SUCCESS:    0 -   87 = 1961
SUCCESS:    0 -   88 = 1960
SUCCESS:    0 -   89 = 1959
SUCCESS:    0 -   90 = 1958
SUCCESS:    0 -   91 = 1957
SUCCESS:    0 -   92 = 1956
SUCCESS:    0 -   93 = 1955
SUCCESS:    0 -   94 = 1954
SUCCESS:    0 -   95 = 1953
SUCCESS:    0 -   96 = 1952
SUCCESS:    0 -   97 = 1951
SUCCESS:    0 -   98 = 1950
SUCCESS:    0 -   99 = 1949
SUCCESS:    0 -  100 = 1948
SUCCESS:    0 -  101 = 1947
SUCCESS:    0 -  102 = 1946
SUCCESS:    0 -  103 = 1945
SUCCESS:    0 -  104 = 1944
SUCCESS:    0 -  105 = 1943
SUCCESS:    0 -  106 = 1942
SUCCESS:    0 -  107 = 1941
SUCCESS:    0 -  108 = 1940
SUCCESS:    0 -  109 = 1939
SUCCESS:    0 -  110 = 1938
SUCCESS:    0 -  111 = 1937
SUCCESS:    0 -  112 = 1936
SUCCESS:    0 -  113 = 1935
SUCCESS:    0 -  114 = 1934
SUCCESS:    0 -  115 = 1933
SUCCESS:    0 -  116 = 1932
SUCCESS:    0 -  117 = 1931
SUCCESS:    0 -  118 = 1930
SUCCESS:    0 -  119 = 1929
SUCCESS:    0 -  120 = 1928
SUCCESS:    0 -  121 = 1927
SUCCESS:    0 -  122 = 1926
SUCCESS:    0 -  123 = 1925
SUCCESS:    0 -  124 = 1924
SUCCESS:    0 -  125 = 1923
SUCCESS:    0 -  126 = 1922
SUCCESS:    0 -  127 = 1921
SUCCESS:    0 -  128 = 1920
SUCCESS:    0 -  129 = 1919
SUCCESS:    0 -  130 = 1918
SUCCESS:    0 -  131 = 1917
SUCCESS:    0 -  132 = 1916
SUCCESS:    0 -  133 = 1915
SUCCESS:    0 -  134 = 1914
SUCCESS:    0 -  135 = 1913
SUCCESS:    0 -  136 = 1912
SUCCESS:    0 -  137 = 1911
SUCCESS:    0 -  138 = 1910
SUCCESS:    0 -  139 = 1909
SUCCESS:    0 -  140 = 1908
SUCCESS:    0 -  141 = 1907
SUCCESS:    0 -  142 = 1906
SUCCESS:    0 -  143 = 1905
SUCCESS:    0 -  144 = 1904
SUCCESS:    0 -  145 = 1903
SUCCESS:    0 -  146 = 1902
SUCCESS:    0 -  147 = 1901
SUCCESS:    0 -  148 = 1900
SUCCESS:    0 -  149 = 1899
SUCCESS:    0 -  150 = 1898
SUCCESS:    0 -  151 = 1897
SUCCESS:    0 -  152 = 1896
SUCCESS:    0 -  153 = 1895
SUCCESS:    0 -  154 = 1894
SUCCESS:    0 -  155 = 1893
SUCCESS:    0 -  156 = 1892
SUCCESS:    0 -  157 = 1891
SUCCESS:    0 -  158 = 1890
SUCCESS:    0 -  159 = 1889
SUCCESS:    0 -  160 = 1888
SUCCESS:    0 -  161 = 1887
SUCCESS:    0 -  162 = 1886
SUCCESS:    0 -  163 = 1885
SUCCESS:    0 -  164 = 1884
SUCCESS:    0 -  165 = 1883
SUCCESS:    0 -  166 = 1882
SUCCESS:    0 -  167 = 1881
SUCCESS:    0 -  168 = 1880
SUCCESS:    0 -  169 = 1879
SUCCESS:    0 -  170 = 1878
SUCCESS:    0 -  171 = 1877
SUCCESS:    0 -  172 = 1876
SUCCESS:    0 -  173 = 1875
SUCCESS:    0 -  174 = 1874
SUCCESS:    0 -  175 = 1873
SUCCESS:    0 -  176 = 1872
SUCCESS:    0 -  177 = 1871
SUCCESS:    0 -  178 = 1870
SUCCESS:    0 -  179 = 1869
SUCCESS:    0 -  180 = 1868
SUCCESS:    0 -  181 = 1867
SUCCESS:    0 -  182 = 1866
SUCCESS:    0 -  183 = 1865
SUCCESS:    0 -  184 = 1864
SUCCESS:    0 -  185 = 1863
SUCCESS:    0 -  186 = 1862
SUCCESS:    0 -  187 = 1861
SUCCESS:    0 -  188 = 1860
SUCCESS:    0 -  189 = 1859
SUCCESS:    0 -  190 = 1858
SUCCESS:    0 -  191 = 1857
SUCCESS:    0 -  192 = 1856
SUCCESS:    0 -  193 = 1855
SUCCESS:    0 -  194 = 1854
SUCCESS:    0 -  195 = 1853
SUCCESS:    0 -  196 = 1852
SUCCESS:    0 -  197 = 1851
SUCCESS:    0 -  198 = 1850
SUCCESS:    0 -  199 = 1849
