Vivado Simulator 2018.2
Time resolution is 1 ps
DREG PC: Resetting PC...
DREG IR: Resetting IR...
REGFILE: Resetting...
Extender is 0000000000000000
DREG IR: Writing a000, replacing 0000 
Performed instruction fetch, got opcode 101
Current Instruction State: 0
Before tick...
After tick...
Current Instruction State: 1
Before tick...
After tick...
Current Instruction State: 2
Before tick...
REGFILE: Writing 0x0008 to 0x0, replacing 0x0000
After tick...
Current Instruction State: 3
Before tick...
DREG PC: Writing 0001, replacing 0000 
After tick...
DREG IR: Writing a401, replacing a000 
Extender is 0000000000000001
Performed instruction fetch, got opcode 101
Current Instruction State: 0
Before tick...
After tick...
Current Instruction State: 1
Before tick...
After tick...
Current Instruction State: 2
Before tick...
REGFILE: Writing 0x0001 to 0x1, replacing 0x0000
After tick...
Current Instruction State: 3
Before tick...
DREG PC: Writing 0002, replacing 0001 
After tick...
DREG IR: Writing 0801, replacing a401 
Performed instruction fetch, got opcode 000
Current Instruction State: 0
Before tick...
DREG PC: Writing 0003, replacing 0002 
REGFILE: Writing 0x0009 to 0x2, replacing 0x0000
After tick...
DREG IR: Writing 2d7e, replacing 0801 
Extender is 1111111111111110
Performed instruction fetch, got opcode 001
Current Instruction State: 0
Before tick...
DREG PC: Writing 0004, replacing 0003 
REGFILE: Writing 0x0007 to 0x3, replacing 0x0000
After tick...
